nohup: ignoring input

> frontend@0.1.0 dev
> next dev -p 8123

⨯ Failed to start server
Error: listen EADDRINUSE: address already in use :::8123
    at <unknown> (Error: listen EADDRINUSE: address already in use :::8123)
    at new Promise (<anonymous>) {
  code: 'EADDRINUSE',
  errno: -98,
  syscall: 'listen',
  address: '::',
  port: 8123
}
[?25h
 GET / 200 in 133ms (next.js: 15ms, application-code: 118ms)
 GET /api/backend/tasks 200 in 69ms (next.js: 50ms, application-code: 19ms)
 GET /tasks 200 in 57ms (next.js: 8ms, application-code: 49ms)
 GET /tasks 200 in 125ms (next.js: 17ms, application-code: 108ms)
 GET /api/backend/datasets 200 in 80ms (next.js: 56ms, application-code: 23ms)
 GET /api/backend/tasks 200 in 83ms (next.js: 44ms, application-code: 39ms)
 GET /datasets 200 in 44ms (next.js: 13ms, application-code: 31ms)
 GET /api/backend/datasets 200 in 49ms (next.js: 34ms, application-code: 15ms)
 GET /api/backend/datasets 200 in 60ms (next.js: 4ms, application-code: 56ms)
 GET /tasks 200 in 32ms (next.js: 6ms, application-code: 25ms)
 GET /api/backend/tasks 200 in 29ms (next.js: 5ms, application-code: 24ms)
 GET /api/backend/datasets 200 in 34ms (next.js: 16ms, application-code: 18ms)
 GET /api/backend/datasets 200 in 26ms (next.js: 15ms, application-code: 11ms)
 GET /api/backend/tasks 200 in 67ms (next.js: 4ms, application-code: 63ms)
 GET /datasets 200 in 28ms (next.js: 6ms, application-code: 22ms)
 GET /api/backend/datasets 200 in 51ms (next.js: 37ms, application-code: 14ms)
 GET /api/backend/datasets 200 in 63ms (next.js: 5ms, application-code: 58ms)
 GET /tasks 200 in 23ms (next.js: 5ms, application-code: 18ms)
 GET /api/backend/tasks 200 in 22ms (next.js: 5ms, application-code: 18ms)
 GET /api/backend/datasets 200 in 24ms (next.js: 12ms, application-code: 12ms)
 GET /api/backend/tasks 200 in 18ms (next.js: 4ms, application-code: 14ms)
 GET /api/backend/datasets 200 in 19ms (next.js: 10ms, application-code: 9ms)
 GET /api/backend/datasets 200 in 48ms (next.js: 35ms, application-code: 14ms)
 GET /datasets 200 in 32ms (next.js: 7ms, application-code: 25ms)
 GET /api/backend/datasets 200 in 52ms (next.js: 37ms, application-code: 15ms)
 GET /api/backend/datasets 200 in 54ms (next.js: 4ms, application-code: 51ms)
 GET /tasks 200 in 28ms (next.js: 6ms, application-code: 23ms)
 GET /api/backend/tasks 200 in 55ms (next.js: 33ms, application-code: 23ms)
 GET /api/backend/datasets 200 in 19ms (next.js: 4ms, application-code: 15ms)
 GET /api/backend/tasks 200 in 58ms (next.js: 4ms, application-code: 54ms)
 GET /api/backend/datasets 200 in 52ms (next.js: 3ms, application-code: 49ms)
 GET /datasets 200 in 27ms (next.js: 6ms, application-code: 21ms)
 GET /api/backend/datasets 200 in 47ms (next.js: 33ms, application-code: 14ms)
 GET /api/backend/datasets 200 in 57ms (next.js: 4ms, application-code: 53ms)
 GET /datasets/1 200 in 139ms (next.js: 46ms, application-code: 93ms)
 PUT /api/backend/datasets/1 200 in 65ms (next.js: 33ms, application-code: 32ms)
 GET /datasets/1 200 in 107ms (next.js: 38ms, application-code: 69ms)
 GET /datasets 200 in 39ms (next.js: 11ms, application-code: 28ms)
 GET /api/backend/datasets 200 in 51ms (next.js: 36ms, application-code: 15ms)
 GET /api/backend/datasets 200 in 64ms (next.js: 6ms, application-code: 58ms)
 GET /datasets/1 200 in 103ms (next.js: 38ms, application-code: 65ms)
 GET /datasets 200 in 45ms (next.js: 12ms, application-code: 33ms)
 GET /api/backend/datasets 200 in 53ms (next.js: 37ms, application-code: 16ms)
 GET /api/backend/datasets 200 in 64ms (next.js: 7ms, application-code: 58ms)
 GET /datasets 200 in 59ms (next.js: 10ms, application-code: 48ms)
 GET /datasets 200 in 139ms (next.js: 22ms, application-code: 117ms)
 GET /api/backend/datasets 200 in 73ms (next.js: 47ms, application-code: 25ms)
 GET /datasets 200 in 60ms (next.js: 9ms, application-code: 51ms)
 GET /api/backend/datasets 200 in 21ms (next.js: 5ms, application-code: 16ms)
✓ Compiled in 195ms
✓ Compiled in 0ms
 GET /tasks 200 in 433ms (next.js: 94ms, application-code: 339ms)
 GET /datasets 200 in 428ms (next.js: 148ms, application-code: 280ms)
 GET /datasets 200 in 435ms (next.js: 189ms, application-code: 246ms)
 GET /tasks 200 in 245ms (next.js: 10ms, application-code: 236ms)
 GET /datasets 200 in 245ms (next.js: 45ms, application-code: 200ms)
 GET /datasets 200 in 170ms (next.js: 11ms, application-code: 160ms)
 GET / 200 in 119ms (next.js: 21ms, application-code: 98ms)
 GET /datasets 200 in 42ms (next.js: 8ms, application-code: 34ms)
 GET / 200 in 83ms (next.js: 9ms, application-code: 74ms)
 GET /datasets 200 in 39ms (next.js: 8ms, application-code: 31ms)
✓ Compiled in 201ms
 GET / 200 in 105ms (next.js: 32ms, application-code: 73ms)
 GET /datasets 200 in 50ms (next.js: 20ms, application-code: 30ms)
 GET /api/backend/datasets 200 in 74ms (next.js: 56ms, application-code: 19ms)
 GET /api/backend/datasets 200 in 63ms (next.js: 5ms, application-code: 58ms)
 GET /tasks 200 in 59ms (next.js: 27ms, application-code: 31ms)
 GET /api/backend/tasks 200 in 57ms (next.js: 36ms, application-code: 21ms)
 GET /api/backend/datasets 200 in 19ms (next.js: 5ms, application-code: 14ms)
 GET /api/backend/tasks 200 in 58ms (next.js: 4ms, application-code: 54ms)
 GET /api/backend/datasets 200 in 61ms (next.js: 4ms, application-code: 57ms)
 GET /datasets 200 in 25ms (next.js: 6ms, application-code: 19ms)
 GET /api/backend/datasets 200 in 48ms (next.js: 34ms, application-code: 15ms)
 GET /api/backend/datasets 200 in 55ms (next.js: 4ms, application-code: 51ms)
 GET /datasets/2 200 in 113ms (next.js: 50ms, application-code: 63ms)
 PUT /api/backend/datasets/2 200 in 76ms (next.js: 38ms, application-code: 38ms)
 GET /datasets/2 200 in 110ms (next.js: 39ms, application-code: 72ms)
 GET /datasets 200 in 29ms (next.js: 7ms, application-code: 21ms)
 GET /api/backend/datasets 200 in 53ms (next.js: 35ms, application-code: 18ms)
 GET /api/backend/datasets 200 in 58ms (next.js: 5ms, application-code: 53ms)
 GET /datasets 200 in 35ms (next.js: 6ms, application-code: 28ms)
 GET /tasks 200 in 35ms (next.js: 10ms, application-code: 25ms)
 GET /api/backend/tasks 200 in 56ms (next.js: 35ms, application-code: 21ms)
 GET /api/backend/tasks 200 in 17ms (next.js: 4ms, application-code: 13ms)
 GET /api/backend/datasets 200 in 60ms (next.js: 7ms, application-code: 52ms)
 GET /api/backend/datasets 200 in 71ms (next.js: 5ms, application-code: 66ms)
 GET /tasks/1 200 in 91ms (next.js: 57ms, application-code: 34ms)
 GET /api/backend/tasks/1 200 in 51ms (next.js: 35ms, application-code: 16ms)
 GET /api/backend/datasets 200 in 26ms (next.js: 14ms, application-code: 12ms)
 GET /api/backend/tasks/1 200 in 58ms (next.js: 6ms, application-code: 52ms)
 GET /api/backend/datasets 200 in 69ms (next.js: 6ms, application-code: 63ms)
 GET /tasks 200 in 26ms (next.js: 6ms, application-code: 20ms)
 GET /api/backend/tasks 200 in 59ms (next.js: 41ms, application-code: 18ms)
 GET /api/backend/tasks 200 in 16ms (next.js: 5ms, application-code: 11ms)
 GET /api/backend/datasets 200 in 63ms (next.js: 8ms, application-code: 54ms)
 GET /api/backend/datasets 200 in 59ms (next.js: 5ms, application-code: 54ms)
 GET /api/backend/datasets 200 in 19ms (next.js: 7ms, application-code: 12ms)
 GET /datasets 200 in 36ms (next.js: 14ms, application-code: 23ms)
 GET /api/backend/datasets 200 in 50ms (next.js: 36ms, application-code: 13ms)
 GET /api/backend/datasets 200 in 55ms (next.js: 4ms, application-code: 51ms)
 POST /api/backend/datasets 201 in 61ms (next.js: 36ms, application-code: 25ms)
 GET /datasets 200 in 30ms (next.js: 6ms, application-code: 25ms)
 GET /tasks 200 in 38ms (next.js: 15ms, application-code: 23ms)
 GET /api/backend/tasks 200 in 75ms (next.js: 46ms, application-code: 30ms)
 GET /api/backend/datasets 200 in 28ms (next.js: 6ms, application-code: 22ms)
 GET /api/backend/tasks 200 in 59ms (next.js: 6ms, application-code: 53ms)
 GET /api/backend/datasets 200 in 57ms (next.js: 4ms, application-code: 53ms)
 GET /tasks/1 200 in 66ms (next.js: 39ms, application-code: 27ms)
 GET /api/backend/tasks/1 200 in 50ms (next.js: 36ms, application-code: 13ms)
 GET /api/backend/tasks/1 200 in 41ms (next.js: 14ms, application-code: 28ms)
 GET /api/backend/datasets 200 in 58ms (next.js: 4ms, application-code: 54ms)
 GET /api/backend/datasets 200 in 55ms (next.js: 4ms, application-code: 51ms)
 GET /api/backend/datasets 200 in 46ms (next.js: 34ms, application-code: 12ms)
 GET /api/backend/datasets 200 in 51ms (next.js: 35ms, application-code: 17ms)
 PUT /api/backend/tasks/1 200 in 58ms (next.js: 35ms, application-code: 23ms)
 GET /tasks/1 200 in 67ms (next.js: 37ms, application-code: 30ms)
 GET /tasks 200 in 27ms (next.js: 6ms, application-code: 21ms)
 GET /api/backend/tasks 200 in 66ms (next.js: 35ms, application-code: 32ms)
 GET /api/backend/datasets 200 in 30ms (next.js: 6ms, application-code: 25ms)
 GET /api/backend/tasks 200 in 19ms (next.js: 5ms, application-code: 13ms)
 GET /api/backend/datasets 200 in 59ms (next.js: 6ms, application-code: 53ms)
 GET /tasks/1 200 in 103ms (next.js: 66ms, application-code: 37ms)
 GET /api/backend/tasks/1 200 in 61ms (next.js: 44ms, application-code: 17ms)
 GET /api/backend/tasks/1 200 in 25ms (next.js: 4ms, application-code: 21ms)
 GET /api/backend/datasets 200 in 30ms (next.js: 16ms, application-code: 14ms)
 GET /api/backend/datasets 200 in 59ms (next.js: 4ms, application-code: 56ms)
 GET /tasks 200 in 40ms (next.js: 15ms, application-code: 24ms)
 GET /api/backend/tasks 200 in 69ms (next.js: 36ms, application-code: 33ms)
 GET /api/backend/datasets 200 in 70ms (next.js: 59ms, application-code: 10ms)
 GET /api/backend/tasks 200 in 15ms (next.js: 3ms, application-code: 11ms)
 GET /api/backend/datasets 200 in 55ms (next.js: 4ms, application-code: 51ms)
 GET /api/backend/datasets 200 in 49ms (next.js: 35ms, application-code: 14ms)
 GET /datasets 200 in 48ms (next.js: 17ms, application-code: 32ms)
 GET /api/backend/datasets 200 in 58ms (next.js: 39ms, application-code: 19ms)
 GET /api/backend/datasets 200 in 61ms (next.js: 3ms, application-code: 58ms)
 GET /datasets/3 200 in 159ms (next.js: 63ms, application-code: 96ms)
 GET /datasets 200 in 41ms (next.js: 9ms, application-code: 32ms)
 GET /api/backend/datasets 200 in 64ms (next.js: 47ms, application-code: 17ms)
 GET /api/backend/datasets 200 in 59ms (next.js: 5ms, application-code: 54ms)
 GET / 200 in 126ms (next.js: 28ms, application-code: 98ms)
 GET /tasks 200 in 95ms (next.js: 44ms, application-code: 51ms)
 GET /api/backend/tasks 200 in 93ms (next.js: 62ms, application-code: 31ms)
 GET /api/backend/datasets 200 in 20ms (next.js: 4ms, application-code: 16ms)
 GET /api/backend/tasks 200 in 60ms (next.js: 4ms, application-code: 56ms)
 GET /api/backend/datasets 200 in 54ms (next.js: 4ms, application-code: 50ms)
 GET /api/backend/datasets 200 in 47ms (next.js: 34ms, application-code: 13ms)
 GET /tasks/1 200 in 87ms (next.js: 53ms, application-code: 34ms)
 GET /api/backend/tasks/1 200 in 51ms (next.js: 34ms, application-code: 16ms)
 GET /api/backend/datasets 200 in 14ms (next.js: 3ms, application-code: 11ms)
 GET /api/backend/tasks/1 200 in 59ms (next.js: 4ms, application-code: 54ms)
 GET /api/backend/datasets 200 in 58ms (next.js: 4ms, application-code: 54ms)
 GET /api/backend/datasets 200 in 47ms (next.js: 35ms, application-code: 12ms)
 GET /tasks 200 in 29ms (next.js: 6ms, application-code: 23ms)
 GET /api/backend/tasks 200 in 59ms (next.js: 36ms, application-code: 24ms)
 GET /api/backend/datasets 200 in 20ms (next.js: 3ms, application-code: 16ms)
 GET /api/backend/tasks 200 in 67ms (next.js: 4ms, application-code: 63ms)
 GET /api/backend/datasets 200 in 61ms (next.js: 4ms, application-code: 57ms)
 GET /api/backend/datasets 200 in 47ms (next.js: 34ms, application-code: 12ms)
✓ Compiled in 88ms
✓ Compiled in 0ms
 GET /datasets 200 in 257ms (next.js: 64ms, application-code: 193ms)
 GET /tasks 200 in 259ms (next.js: 142ms, application-code: 117ms)
 GET /datasets 200 in 82ms (next.js: 7ms, application-code: 75ms)
 GET /tasks 200 in 82ms (next.js: 43ms, application-code: 39ms)
 GET /datasets 200 in 29ms (next.js: 5ms, application-code: 23ms)
 GET /datasets 200 in 29ms (next.js: 5ms, application-code: 24ms)
 GET / 200 in 146ms (next.js: 17ms, application-code: 129ms)
 GET /tasks 200 in 32ms (next.js: 6ms, application-code: 26ms)
 GET /tasks 200 in 28ms (next.js: 5ms, application-code: 23ms)
✓ Compiled in 372ms
✓ Compiled in 172ms
✓ Compiled in 59ms
 GET /api/backend/tasks/1 200 in 100ms (next.js: 67ms, application-code: 33ms)
 GET /tasks/1 200 in 116ms (next.js: 77ms, application-code: 39ms)
 GET /api/backend/tasks/1 200 in 61ms (next.js: 47ms, application-code: 14ms)
 GET /api/backend/datasets 200 in 29ms (next.js: 13ms, application-code: 17ms)
 GET /api/backend/tasks/1 200 in 62ms (next.js: 4ms, application-code: 58ms)
 GET /api/backend/datasets 200 in 61ms (next.js: 4ms, application-code: 56ms)
 GET /api/backend/datasets 200 in 50ms (next.js: 36ms, application-code: 14ms)
 PUT /api/backend/tasks/1 200 in 58ms (next.js: 36ms, application-code: 22ms)
 GET /tasks/1 200 in 68ms (next.js: 38ms, application-code: 30ms)
 GET /tasks 200 in 45ms (next.js: 19ms, application-code: 26ms)
 GET /api/backend/tasks 200 in 70ms (next.js: 37ms, application-code: 33ms)
 GET /api/backend/datasets 200 in 20ms (next.js: 6ms, application-code: 15ms)
 GET /api/backend/tasks 200 in 20ms (next.js: 4ms, application-code: 16ms)
 GET /api/backend/datasets 200 in 22ms (next.js: 12ms, application-code: 10ms)
 GET /api/backend/datasets 200 in 50ms (next.js: 36ms, application-code: 13ms)
 POST /api/backend/tasks 201 in 76ms (next.js: 35ms, application-code: 41ms)
 GET /datasets 200 in 59ms (next.js: 24ms, application-code: 35ms)
 GET /api/backend/datasets 200 in 66ms (next.js: 46ms, application-code: 20ms)
 GET /api/backend/datasets 200 in 60ms (next.js: 4ms, application-code: 55ms)
 GET /tasks 200 in 51ms (next.js: 5ms, application-code: 45ms)
 GET /tasks 200 in 146ms (next.js: 32ms, application-code: 114ms)
 GET /api/backend/tasks 200 in 99ms (next.js: 63ms, application-code: 37ms)
 GET /api/backend/datasets 200 in 115ms (next.js: 78ms, application-code: 37ms)
 GET /tasks/2 200 in 80ms (next.js: 46ms, application-code: 34ms)
 GET /api/backend/tasks/2 200 in 54ms (next.js: 39ms, application-code: 15ms)
 GET /api/backend/datasets 200 in 18ms (next.js: 4ms, application-code: 14ms)
 GET /api/backend/tasks/2 200 in 62ms (next.js: 5ms, application-code: 57ms)
 GET /api/backend/datasets 200 in 57ms (next.js: 5ms, application-code: 53ms)
 GET /datasets 200 in 64ms (next.js: 20ms, application-code: 45ms)
 GET /api/backend/datasets 200 in 60ms (next.js: 38ms, application-code: 21ms)
 GET /api/backend/datasets 200 in 67ms (next.js: 8ms, application-code: 59ms)
 GET /datasets/3 200 in 389ms (next.js: 290ms, application-code: 99ms)
 GET / 200 in 74ms (next.js: 21ms, application-code: 53ms)
 GET / 200 in 132ms (next.js: 8ms, application-code: 124ms)
 GET / 200 in 197ms (next.js: 8ms, application-code: 189ms)
 GET /datasets 200 in 697ms (next.js: 467ms, application-code: 229ms)
 GET /datasets 200 in 724ms (next.js: 534ms, application-code: 189ms)
 GET / 200 in 820ms (next.js: 317ms, application-code: 503ms)
 GET /datasets 200 in 368ms (next.js: 12ms, application-code: 356ms)
 GET /datasets 200 in 369ms (next.js: 50ms, application-code: 319ms)
 GET /datasets 200 in 331ms (next.js: 45ms, application-code: 286ms)
 GET /datasets 200 in 334ms (next.js: 12ms, application-code: 321ms)
 GET /datasets 200 in 407ms (next.js: 49ms, application-code: 357ms)
 GET /datasets 200 in 369ms (next.js: 48ms, application-code: 321ms)
 GET /datasets 200 in 331ms (next.js: 39ms, application-code: 291ms)
 GET /datasets 200 in 302ms (next.js: 44ms, application-code: 258ms)
 GET /datasets 200 in 335ms (next.js: 45ms, application-code: 290ms)
 GET /datasets 200 in 335ms (next.js: 77ms, application-code: 258ms)
 GET /datasets 200 in 405ms (next.js: 51ms, application-code: 354ms)
 GET /datasets 200 in 453ms (next.js: 44ms, application-code: 409ms)
 GET /datasets 200 in 454ms (next.js: 10ms, application-code: 445ms)
 GET / 200 in 534ms (next.js: 14ms, application-code: 520ms)
 GET /datasets 200 in 378ms (next.js: 38ms, application-code: 340ms)
 GET /datasets 200 in 380ms (next.js: 9ms, application-code: 371ms)
 GET /datasets 200 in 349ms (next.js: 12ms, application-code: 337ms)
 GET /datasets 200 in 382ms (next.js: 73ms, application-code: 309ms)
 GET /datasets 200 in 382ms (next.js: 115ms, application-code: 267ms)
 GET /datasets 200 in 386ms (next.js: 43ms, application-code: 343ms)
 GET /datasets 200 in 386ms (next.js: 146ms, application-code: 240ms)
 GET /datasets 200 in 396ms (next.js: 13ms, application-code: 383ms)
 GET /datasets 200 in 433ms (next.js: 92ms, application-code: 341ms)
 GET /datasets 200 in 435ms (next.js: 54ms, application-code: 381ms)
 GET /datasets 200 in 443ms (next.js: 12ms, application-code: 430ms)
 GET /datasets 200 in 477ms (next.js: 14ms, application-code: 463ms)
 GET /datasets 200 in 475ms (next.js: 52ms, application-code: 424ms)
 GET /datasets 200 in 483ms (next.js: 83ms, application-code: 400ms)
 GET /datasets 200 in 446ms (next.js: 128ms, application-code: 318ms)
 GET /datasets 200 in 301ms (next.js: 14ms, application-code: 287ms)
 GET /datasets 200 in 338ms (next.js: 49ms, application-code: 288ms)
 GET / 200 in 562ms (next.js: 112ms, application-code: 450ms)
 GET /datasets 200 in 340ms (next.js: 79ms, application-code: 261ms)
 GET /datasets 200 in 342ms (next.js: 110ms, application-code: 232ms)
 GET /datasets 200 in 305ms (next.js: 103ms, application-code: 202ms)
 GET /datasets 200 in 253ms (next.js: 16ms, application-code: 237ms)
 GET /datasets 200 in 253ms (next.js: 48ms, application-code: 205ms)
 GET /datasets 200 in 243ms (next.js: 12ms, application-code: 232ms)
 GET /datasets 200 in 212ms (next.js: 11ms, application-code: 201ms)
 GET /datasets 200 in 226ms (next.js: 9ms, application-code: 217ms)
 GET /datasets 200 in 214ms (next.js: 10ms, application-code: 204ms)
 GET / 200 in 361ms (next.js: 41ms, application-code: 320ms)
 GET /datasets 200 in 278ms (next.js: 40ms, application-code: 238ms)
 GET /datasets 200 in 238ms (next.js: 11ms, application-code: 227ms)
 GET /datasets 200 in 237ms (next.js: 39ms, application-code: 198ms)
 GET /datasets 200 in 265ms (next.js: 11ms, application-code: 255ms)
 GET /datasets 200 in 266ms (next.js: 40ms, application-code: 226ms)
 GET /datasets 200 in 233ms (next.js: 43ms, application-code: 190ms)
 GET /datasets 200 in 234ms (next.js: 12ms, application-code: 223ms)
 GET /datasets 200 in 167ms (next.js: 8ms, application-code: 159ms)
 GET /datasets 200 in 137ms (next.js: 11ms, application-code: 126ms)
 GET /datasets 200 in 46ms (next.js: 9ms, application-code: 36ms)
 GET / 200 in 93ms (next.js: 10ms, application-code: 83ms)
 GET /datasets 200 in 33ms (next.js: 9ms, application-code: 24ms)
 GET / 200 in 85ms (next.js: 9ms, application-code: 75ms)
 GET /datasets 200 in 33ms (next.js: 9ms, application-code: 24ms)
 GET / 200 in 77ms (next.js: 9ms, application-code: 68ms)
 GET /datasets 200 in 36ms (next.js: 9ms, application-code: 27ms)
 GET / 200 in 95ms (next.js: 10ms, application-code: 85ms)
 GET / 200 in 43ms (next.js: 9ms, application-code: 34ms)
 GET / 200 in 56ms (next.js: 12ms, application-code: 44ms)
 GET / 200 in 50ms (next.js: 11ms, application-code: 39ms)
 GET / 200 in 41ms (next.js: 7ms, application-code: 34ms)
 GET / 200 in 45ms (next.js: 8ms, application-code: 37ms)
 GET / 200 in 43ms (next.js: 9ms, application-code: 34ms)
 GET / 200 in 44ms (next.js: 10ms, application-code: 34ms)
 GET / 200 in 48ms (next.js: 9ms, application-code: 38ms)
 GET / 200 in 50ms (next.js: 15ms, application-code: 35ms)
 GET / 200 in 41ms (next.js: 9ms, application-code: 32ms)
✓ Compiled in 87ms
 GET / 200 in 301ms (next.js: 10ms, application-code: 290ms)
 GET / 200 in 313ms (next.js: 10ms, application-code: 304ms)
 GET / 200 in 264ms (next.js: 12ms, application-code: 252ms)
 GET / 200 in 263ms (next.js: 57ms, application-code: 205ms)
 GET / 200 in 216ms (next.js: 53ms, application-code: 163ms)
 GET / 200 in 133ms (next.js: 11ms, application-code: 123ms)
 GET / 200 in 318ms (next.js: 10ms, application-code: 308ms)
 GET / 200 in 249ms (next.js: 12ms, application-code: 237ms)
 GET / 200 in 251ms (next.js: 51ms, application-code: 199ms)
 GET / 200 in 208ms (next.js: 52ms, application-code: 155ms)
 GET / 200 in 167ms (next.js: 58ms, application-code: 109ms)
 GET / 200 in 184ms (next.js: 67ms, application-code: 117ms)
 GET / 200 in 333ms (next.js: 13ms, application-code: 320ms)
 GET / 200 in 267ms (next.js: 11ms, application-code: 256ms)
 GET / 200 in 266ms (next.js: 135ms, application-code: 131ms)
 GET / 200 in 268ms (next.js: 53ms, application-code: 215ms)
 GET / 200 in 100ms (next.js: 9ms, application-code: 91ms)
 GET / 200 in 101ms (next.js: 52ms, application-code: 49ms)
 GET /datasets 200 in 507ms (next.js: 183ms, application-code: 324ms)
 GET /datasets 200 in 510ms (next.js: 134ms, application-code: 375ms)
 GET /datasets 200 in 509ms (next.js: 223ms, application-code: 285ms)
 GET /datasets 200 in 360ms (next.js: 9ms, application-code: 351ms)
 GET /datasets 200 in 361ms (next.js: 44ms, application-code: 317ms)
 GET / 200 in 449ms (next.js: 32ms, application-code: 417ms)
 GET /datasets 200 in 338ms (next.js: 12ms, application-code: 326ms)
 GET /datasets 200 in 500ms (next.js: 69ms, application-code: 431ms)
 GET /datasets 200 in 446ms (next.js: 58ms, application-code: 388ms)
 GET /datasets 200 in 401ms (next.js: 45ms, application-code: 356ms)
 GET /datasets 200 in 368ms (next.js: 48ms, application-code: 321ms)
 GET /datasets 200 in 329ms (next.js: 42ms, application-code: 287ms)
 GET /datasets 200 in 331ms (next.js: 10ms, application-code: 321ms)
 GET /datasets 200 in 402ms (next.js: 9ms, application-code: 393ms)
 GET /datasets 200 in 491ms (next.js: 13ms, application-code: 478ms)
 GET /datasets 200 in 490ms (next.js: 133ms, application-code: 357ms)
 GET /datasets 200 in 493ms (next.js: 47ms, application-code: 446ms)
 GET /datasets 200 in 327ms (next.js: 9ms, application-code: 318ms)
 GET / 200 in 501ms (next.js: 79ms, application-code: 422ms)
 GET /datasets 200 in 391ms (next.js: 12ms, application-code: 379ms)
 GET /datasets 200 in 392ms (next.js: 43ms, application-code: 349ms)
 GET /datasets 200 in 392ms (next.js: 75ms, application-code: 317ms)
 GET /datasets 200 in 393ms (next.js: 109ms, application-code: 284ms)
 GET /datasets 200 in 397ms (next.js: 12ms, application-code: 385ms)
 GET /datasets 200 in 397ms (next.js: 64ms, application-code: 333ms)
 GET /datasets 200 in 346ms (next.js: 47ms, application-code: 299ms)
 GET /datasets 200 in 496ms (next.js: 46ms, application-code: 451ms)
 GET /datasets 200 in 498ms (next.js: 17ms, application-code: 481ms)
 GET /datasets 200 in 496ms (next.js: 72ms, application-code: 424ms)
 GET /datasets 200 in 399ms (next.js: 15ms, application-code: 383ms)
 GET /datasets 200 in 398ms (next.js: 87ms, application-code: 311ms)
 GET /datasets 200 in 395ms (next.js: 113ms, application-code: 282ms)
 GET / 200 in 439ms (next.js: 48ms, application-code: 392ms)
 GET /datasets 200 in 286ms (next.js: 10ms, application-code: 276ms)
 GET /datasets 200 in 287ms (next.js: 39ms, application-code: 248ms)
 GET /datasets 200 in 288ms (next.js: 70ms, application-code: 219ms)
 GET /datasets 200 in 290ms (next.js: 101ms, application-code: 189ms)
 GET /datasets 200 in 244ms (next.js: 10ms, application-code: 234ms)
 GET /datasets 200 in 278ms (next.js: 74ms, application-code: 204ms)
 GET /datasets 200 in 279ms (next.js: 42ms, application-code: 237ms)
 GET /datasets 200 in 250ms (next.js: 8ms, application-code: 243ms)
 GET /datasets 200 in 217ms (next.js: 19ms, application-code: 198ms)
 GET /datasets 200 in 238ms (next.js: 59ms, application-code: 179ms)
 GET /datasets 200 in 156ms (next.js: 11ms, application-code: 145ms)
 GET /datasets 200 in 110ms (next.js: 9ms, application-code: 101ms)
 GET / 200 in 192ms (next.js: 47ms, application-code: 146ms)
 GET /datasets 200 in 79ms (next.js: 8ms, application-code: 71ms)
 GET /datasets 200 in 157ms (next.js: 11ms, application-code: 146ms)
 GET /datasets 200 in 151ms (next.js: 11ms, application-code: 140ms)
 GET /datasets 200 in 149ms (next.js: 48ms, application-code: 100ms)
 GET / 200 in 152ms (next.js: 9ms, application-code: 143ms)
 GET /datasets 200 in 104ms (next.js: 9ms, application-code: 95ms)
 GET /datasets 200 in 119ms (next.js: 10ms, application-code: 109ms)
 GET /datasets 200 in 84ms (next.js: 10ms, application-code: 74ms)
 GET / 200 in 52ms (next.js: 10ms, application-code: 43ms)
 GET /datasets 200 in 34ms (next.js: 8ms, application-code: 26ms)
 GET / 200 in 78ms (next.js: 10ms, application-code: 68ms)
 GET / 200 in 74ms (next.js: 8ms, application-code: 66ms)
 GET /datasets 200 in 29ms (next.js: 7ms, application-code: 23ms)
 GET /datasets 200 in 33ms (next.js: 9ms, application-code: 24ms)
 GET / 200 in 76ms (next.js: 8ms, application-code: 68ms)
 GET / 200 in 85ms (next.js: 9ms, application-code: 76ms)
 GET /datasets 200 in 35ms (next.js: 9ms, application-code: 26ms)
 GET /datasets 200 in 117ms (next.js: 10ms, application-code: 108ms)
 GET / 200 in 117ms (next.js: 9ms, application-code: 108ms)
 GET /datasets 200 in 76ms (next.js: 9ms, application-code: 67ms)
 GET /datasets 200 in 40ms (next.js: 10ms, application-code: 31ms)
 GET / 200 in 40ms (next.js: 8ms, application-code: 32ms)
 GET / 200 in 84ms (next.js: 10ms, application-code: 74ms)
 GET /datasets 200 in 36ms (next.js: 11ms, application-code: 25ms)
 GET /datasets 200 in 32ms (next.js: 8ms, application-code: 24ms)
 GET / 200 in 76ms (next.js: 9ms, application-code: 67ms)
 GET /datasets 200 in 63ms (next.js: 8ms, application-code: 55ms)
 GET / 200 in 109ms (next.js: 8ms, application-code: 100ms)
 GET /datasets 200 in 35ms (next.js: 9ms, application-code: 27ms)
 GET / 200 in 44ms (next.js: 11ms, application-code: 34ms)
 GET / 200 in 52ms (next.js: 11ms, application-code: 40ms)
 GET / 200 in 52ms (next.js: 16ms, application-code: 36ms)
 GET / 200 in 43ms (next.js: 9ms, application-code: 34ms)
 GET / 200 in 44ms (next.js: 9ms, application-code: 35ms)
✓ Compiled in 84ms
 GET /datasets 200 in 468ms (next.js: 401ms, application-code: 68ms)
 GET /datasets 200 in 483ms (next.js: 452ms, application-code: 31ms)
 GET / 200 in 470ms (next.js: 306ms, application-code: 164ms)
 GET /datasets 200 in 280ms (next.js: 18ms, application-code: 262ms)
 GET /datasets 200 in 356ms (next.js: 10ms, application-code: 346ms)
 GET /datasets 200 in 356ms (next.js: 42ms, application-code: 314ms)
 GET /datasets 200 in 429ms (next.js: 10ms, application-code: 419ms)
 GET / 200 in 540ms (next.js: 75ms, application-code: 465ms)
 GET /datasets 200 in 425ms (next.js: 11ms, application-code: 414ms)
 GET /datasets 200 in 425ms (next.js: 46ms, application-code: 379ms)
 GET /datasets 200 in 462ms (next.js: 10ms, application-code: 452ms)
 GET /datasets 200 in 463ms (next.js: 44ms, application-code: 419ms)
 GET /datasets 200 in 458ms (next.js: 48ms, application-code: 410ms)
 GET /datasets 200 in 421ms (next.js: 63ms, application-code: 358ms)
 GET /datasets 200 in 399ms (next.js: 46ms, application-code: 354ms)
 GET /datasets 200 in 366ms (next.js: 86ms, application-code: 280ms)
 GET /datasets 200 in 359ms (next.js: 9ms, application-code: 350ms)
 GET /datasets 200 in 418ms (next.js: 41ms, application-code: 377ms)
 GET /datasets 200 in 389ms (next.js: 11ms, application-code: 379ms)
 GET /datasets 200 in 457ms (next.js: 41ms, application-code: 416ms)
 GET /datasets 200 in 351ms (next.js: 11ms, application-code: 341ms)
 GET /datasets 200 in 382ms (next.js: 10ms, application-code: 372ms)
 GET / 200 in 524ms (next.js: 73ms, application-code: 451ms)
 GET /datasets 200 in 354ms (next.js: 12ms, application-code: 342ms)
 GET /datasets 200 in 354ms (next.js: 44ms, application-code: 310ms)
 GET /datasets 200 in 359ms (next.js: 81ms, application-code: 278ms)
 GET /datasets 200 in 383ms (next.js: 70ms, application-code: 314ms)
 GET /datasets 200 in 385ms (next.js: 42ms, application-code: 343ms)
 GET /datasets 200 in 300ms (next.js: 11ms, application-code: 290ms)
 GET /datasets 200 in 479ms (next.js: 47ms, application-code: 432ms)
 GET /datasets 200 in 481ms (next.js: 16ms, application-code: 465ms)
 GET /datasets 200 in 540ms (next.js: 38ms, application-code: 502ms)
 GET /datasets 200 in 541ms (next.js: 8ms, application-code: 533ms)
 GET /datasets 200 in 548ms (next.js: 14ms, application-code: 534ms)
 GET /datasets 200 in 548ms (next.js: 77ms, application-code: 471ms)
 GET /datasets 200 in 551ms (next.js: 46ms, application-code: 504ms)
 GET /datasets 200 in 509ms (next.js: 92ms, application-code: 417ms)
 GET /datasets 200 in 508ms (next.js: 156ms, application-code: 352ms)
 GET /datasets 200 in 509ms (next.js: 186ms, application-code: 323ms)
 GET /datasets 200 in 513ms (next.js: 128ms, application-code: 385ms)
 GET /datasets 200 in 465ms (next.js: 146ms, application-code: 320ms)
 GET /datasets 200 in 372ms (next.js: 50ms, application-code: 322ms)
 GET / 200 in 595ms (next.js: 15ms, application-code: 580ms)
 GET /datasets 200 in 287ms (next.js: 18ms, application-code: 268ms)
 GET /datasets 200 in 346ms (next.js: 56ms, application-code: 290ms)
 GET /datasets 200 in 300ms (next.js: 40ms, application-code: 260ms)
 GET /datasets 200 in 342ms (next.js: 17ms, application-code: 326ms)
 GET /datasets 200 in 337ms (next.js: 46ms, application-code: 292ms)
 GET /datasets 200 in 335ms (next.js: 18ms, application-code: 317ms)
 GET /datasets 200 in 329ms (next.js: 42ms, application-code: 287ms)
 GET /datasets 200 in 318ms (next.js: 10ms, application-code: 308ms)
 GET /datasets 200 in 318ms (next.js: 39ms, application-code: 279ms)
 GET /datasets 200 in 335ms (next.js: 79ms, application-code: 255ms)
 GET /datasets 200 in 336ms (next.js: 48ms, application-code: 289ms)
 GET /datasets 200 in 225ms (next.js: 12ms, application-code: 214ms)
 GET /datasets 200 in 225ms (next.js: 41ms, application-code: 184ms)
 GET / 200 in 346ms (next.js: 9ms, application-code: 337ms)
 GET /datasets 200 in 198ms (next.js: 37ms, application-code: 161ms)
 GET /datasets 200 in 200ms (next.js: 8ms, application-code: 191ms)
 GET /datasets 200 in 255ms (next.js: 55ms, application-code: 199ms)
 GET /datasets 200 in 256ms (next.js: 9ms, application-code: 247ms)
 GET /datasets 200 in 261ms (next.js: 14ms, application-code: 247ms)
 GET /datasets 200 in 293ms (next.js: 96ms, application-code: 197ms)
 GET /datasets 200 in 294ms (next.js: 57ms, application-code: 237ms)
 GET /datasets 200 in 174ms (next.js: 30ms, application-code: 144ms)
 GET / 200 in 301ms (next.js: 17ms, application-code: 284ms)
 GET /datasets 200 in 154ms (next.js: 10ms, application-code: 145ms)
 GET /datasets 200 in 159ms (next.js: 10ms, application-code: 149ms)
 GET /datasets 200 in 159ms (next.js: 40ms, application-code: 118ms)
 GET /datasets 200 in 120ms (next.js: 12ms, application-code: 108ms)
 GET /datasets 200 in 76ms (next.js: 11ms, application-code: 65ms)
 GET / 200 in 120ms (next.js: 9ms, application-code: 111ms)
 GET /datasets 200 in 41ms (next.js: 13ms, application-code: 28ms)
 GET / 200 in 42ms (next.js: 9ms, application-code: 33ms)
 GET / 200 in 50ms (next.js: 11ms, application-code: 39ms)
 GET / 200 in 42ms (next.js: 8ms, application-code: 34ms)
 GET / 200 in 44ms (next.js: 9ms, application-code: 35ms)
 GET / 200 in 48ms (next.js: 10ms, application-code: 37ms)
 GET / 200 in 45ms (next.js: 10ms, application-code: 35ms)
 GET / 200 in 40ms (next.js: 8ms, application-code: 32ms)
 GET / 200 in 44ms (next.js: 8ms, application-code: 35ms)
 GET / 200 in 44ms (next.js: 9ms, application-code: 35ms)
 GET / 200 in 45ms (next.js: 11ms, application-code: 33ms)
 GET / 200 in 65ms (next.js: 27ms, application-code: 38ms)
 GET / 200 in 53ms (next.js: 12ms, application-code: 42ms)
 GET / 200 in 41ms (next.js: 9ms, application-code: 32ms)
 GET / 200 in 45ms (next.js: 9ms, application-code: 37ms)
 GET / 200 in 42ms (next.js: 8ms, application-code: 33ms)
✓ Compiled in 82ms
 GET / 200 in 293ms (next.js: 11ms, application-code: 282ms)
 GET / 200 in 228ms (next.js: 7ms, application-code: 221ms)
 GET / 200 in 188ms (next.js: 10ms, application-code: 178ms)
 GET / 200 in 190ms (next.js: 53ms, application-code: 137ms)
 GET / 200 in 147ms (next.js: 52ms, application-code: 95ms)
 GET / 200 in 107ms (next.js: 13ms, application-code: 95ms)
 GET / 200 in 278ms (next.js: 9ms, application-code: 269ms)
 GET / 200 in 233ms (next.js: 11ms, application-code: 222ms)
 GET / 200 in 412ms (next.js: 65ms, application-code: 347ms)
 GET / 200 in 371ms (next.js: 60ms, application-code: 311ms)
 GET / 200 in 371ms (next.js: 104ms, application-code: 267ms)
 GET / 200 in 324ms (next.js: 90ms, application-code: 234ms)
 GET / 200 in 270ms (next.js: 12ms, application-code: 258ms)
 GET / 200 in 270ms (next.js: 48ms, application-code: 223ms)
 GET / 200 in 191ms (next.js: 10ms, application-code: 181ms)
 GET / 200 in 192ms (next.js: 49ms, application-code: 144ms)
 GET / 200 in 193ms (next.js: 89ms, application-code: 103ms)
 GET / 200 in 238ms (next.js: 108ms, application-code: 130ms)
 GET / 200 in 256ms (next.js: 14ms, application-code: 242ms)
 GET / 200 in 256ms (next.js: 50ms, application-code: 206ms)
 GET / 200 in 169ms (next.js: 10ms, application-code: 159ms)
 GET / 200 in 169ms (next.js: 47ms, application-code: 122ms)
 GET / 200 in 209ms (next.js: 87ms, application-code: 122ms)
 GET / 200 in 133ms (next.js: 8ms, application-code: 126ms)
 GET / 200 in 256ms (next.js: 12ms, application-code: 244ms)
 GET / 200 in 214ms (next.js: 10ms, application-code: 205ms)
 GET / 200 in 169ms (next.js: 10ms, application-code: 159ms)
 GET / 200 in 171ms (next.js: 50ms, application-code: 121ms)
 GET / 200 in 94ms (next.js: 9ms, application-code: 85ms)
 GET / 200 in 190ms (next.js: 8ms, application-code: 182ms)
 GET / 200 in 273ms (next.js: 10ms, application-code: 263ms)
 GET / 200 in 272ms (next.js: 95ms, application-code: 177ms)
 GET / 200 in 275ms (next.js: 55ms, application-code: 221ms)
 GET / 200 in 237ms (next.js: 106ms, application-code: 131ms)
 GET / 200 in 104ms (next.js: 11ms, application-code: 92ms)
 GET / 200 in 147ms (next.js: 10ms, application-code: 137ms)
 GET / 200 in 259ms (next.js: 11ms, application-code: 247ms)
 GET / 200 in 259ms (next.js: 51ms, application-code: 208ms)
 GET / 200 in 261ms (next.js: 97ms, application-code: 163ms)
 GET / 200 in 262ms (next.js: 134ms, application-code: 127ms)
 GET / 200 in 94ms (next.js: 9ms, application-code: 85ms)
 GET / 200 in 95ms (next.js: 49ms, application-code: 46ms)
 GET /datasets 200 in 748ms (next.js: 604ms, application-code: 144ms)
 GET /datasets 200 in 756ms (next.js: 668ms, application-code: 88ms)
 GET /datasets 200 in 440ms (next.js: 390ms, application-code: 50ms)
 GET / 200 in 676ms (next.js: 398ms, application-code: 278ms)
 GET /datasets 200 in 339ms (next.js: 11ms, application-code: 328ms)
 GET /datasets 200 in 346ms (next.js: 12ms, application-code: 333ms)
 GET /datasets 200 in 423ms (next.js: 13ms, application-code: 410ms)
 GET /datasets 200 in 378ms (next.js: 12ms, application-code: 366ms)
 GET /datasets 200 in 368ms (next.js: 11ms, application-code: 357ms)
 GET /datasets 200 in 368ms (next.js: 46ms, application-code: 321ms)
 GET / 200 in 541ms (next.js: 56ms, application-code: 484ms)
 GET /datasets 200 in 443ms (next.js: 16ms, application-code: 427ms)
 GET /datasets 200 in 467ms (next.js: 15ms, application-code: 451ms)
 GET /datasets 200 in 464ms (next.js: 90ms, application-code: 375ms)
 GET /datasets 200 in 467ms (next.js: 50ms, application-code: 417ms)
 GET /datasets 200 in 433ms (next.js: 91ms, application-code: 342ms)
 GET /datasets 200 in 434ms (next.js: 124ms, application-code: 309ms)
 GET /datasets 200 in 351ms (next.js: 13ms, application-code: 338ms)
 GET /datasets 200 in 349ms (next.js: 17ms, application-code: 332ms)
 GET /datasets 200 in 346ms (next.js: 46ms, application-code: 300ms)
 GET /datasets 200 in 431ms (next.js: 17ms, application-code: 414ms)
 GET /datasets 200 in 426ms (next.js: 112ms, application-code: 314ms)
 GET /datasets 200 in 428ms (next.js: 81ms, application-code: 347ms)
 GET / 200 in 509ms (next.js: 46ms, application-code: 463ms)
 GET /datasets 200 in 356ms (next.js: 15ms, application-code: 342ms)
 GET /datasets 200 in 413ms (next.js: 42ms, application-code: 371ms)
 GET /datasets 200 in 378ms (next.js: 11ms, application-code: 367ms)
 GET /datasets 200 in 387ms (next.js: 12ms, application-code: 375ms)
 GET /datasets 200 in 387ms (next.js: 75ms, application-code: 312ms)
 GET /datasets 200 in 393ms (next.js: 42ms, application-code: 351ms)
 GET /datasets 200 in 394ms (next.js: 102ms, application-code: 292ms)
 GET /datasets 200 in 310ms (next.js: 11ms, application-code: 298ms)
 GET /datasets 200 in 311ms (next.js: 14ms, application-code: 298ms)
 GET /datasets 200 in 442ms (next.js: 11ms, application-code: 431ms)
 GET /datasets 200 in 438ms (next.js: 12ms, application-code: 427ms)
 GET /datasets 200 in 439ms (next.js: 41ms, application-code: 398ms)
 GET /datasets 200 in 415ms (next.js: 12ms, application-code: 402ms)
 GET /datasets 200 in 432ms (next.js: 11ms, application-code: 421ms)
 GET / 200 in 562ms (next.js: 9ms, application-code: 553ms)
 GET /datasets 200 in 466ms (next.js: 13ms, application-code: 453ms)
 GET /datasets 200 in 466ms (next.js: 43ms, application-code: 423ms)
 GET /datasets 200 in 467ms (next.js: 75ms, application-code: 392ms)
 GET /datasets 200 in 470ms (next.js: 105ms, application-code: 365ms)
 GET /datasets 200 in 440ms (next.js: 114ms, application-code: 326ms)
 GET /datasets 200 in 440ms (next.js: 147ms, application-code: 293ms)
 GET /datasets 200 in 305ms (next.js: 10ms, application-code: 296ms)
 GET /datasets 200 in 344ms (next.js: 41ms, application-code: 303ms)
 GET /datasets 200 in 463ms (next.js: 13ms, application-code: 450ms)
 GET /datasets 200 in 467ms (next.js: 11ms, application-code: 456ms)
 GET /datasets 200 in 399ms (next.js: 45ms, application-code: 353ms)
 GET /datasets 200 in 400ms (next.js: 12ms, application-code: 388ms)
 GET /datasets 200 in 383ms (next.js: 12ms, application-code: 371ms)
 GET /datasets 200 in 413ms (next.js: 19ms, application-code: 394ms)
 GET /datasets 200 in 413ms (next.js: 51ms, application-code: 362ms)
 GET /datasets 200 in 412ms (next.js: 125ms, application-code: 287ms)
 GET /datasets 200 in 376ms (next.js: 119ms, application-code: 257ms)
 GET /datasets 200 in 376ms (next.js: 163ms, application-code: 214ms)
 GET /datasets 200 in 274ms (next.js: 10ms, application-code: 264ms)
 GET / 200 in 504ms (next.js: 82ms, application-code: 423ms)
 GET /datasets 200 in 300ms (next.js: 11ms, application-code: 289ms)
 GET /datasets 200 in 300ms (next.js: 41ms, application-code: 259ms)
 GET /datasets 200 in 312ms (next.js: 9ms, application-code: 303ms)
 GET /datasets 200 in 312ms (next.js: 38ms, application-code: 274ms)
 GET /datasets 200 in 276ms (next.js: 11ms, application-code: 266ms)
 GET /datasets 200 in 276ms (next.js: 42ms, application-code: 234ms)
 GET /datasets 200 in 231ms (next.js: 9ms, application-code: 222ms)
 GET /datasets 200 in 231ms (next.js: 40ms, application-code: 191ms)
 GET /datasets 200 in 227ms (next.js: 50ms, application-code: 178ms)
 GET /datasets 200 in 194ms (next.js: 10ms, application-code: 184ms)
 GET / 200 in 273ms (next.js: 9ms, application-code: 264ms)
 GET /datasets 200 in 197ms (next.js: 46ms, application-code: 151ms)
 GET /datasets 200 in 172ms (next.js: 45ms, application-code: 127ms)
 GET /datasets 200 in 173ms (next.js: 13ms, application-code: 160ms)
 GET /datasets 200 in 154ms (next.js: 19ms, application-code: 135ms)
 GET /datasets 200 in 133ms (next.js: 19ms, application-code: 113ms)
 GET / 200 in 133ms (next.js: 60ms, application-code: 73ms)
 GET /datasets 200 in 38ms (next.js: 10ms, application-code: 28ms)
 GET /datasets 200 in 34ms (next.js: 9ms, application-code: 25ms)
 GET / 200 in 81ms (next.js: 8ms, application-code: 73ms)
 GET /datasets 200 in 77ms (next.js: 10ms, application-code: 67ms)
 GET / 200 in 45ms (next.js: 10ms, application-code: 35ms)
 GET / 200 in 48ms (next.js: 8ms, application-code: 40ms)
 GET / 200 in 46ms (next.js: 10ms, application-code: 35ms)
 GET / 200 in 42ms (next.js: 9ms, application-code: 33ms)
 GET / 200 in 45ms (next.js: 8ms, application-code: 37ms)
 GET / 200 in 39ms (next.js: 7ms, application-code: 32ms)
 GET / 200 in 41ms (next.js: 8ms, application-code: 33ms)
 GET / 200 in 42ms (next.js: 7ms, application-code: 35ms)
 GET / 200 in 46ms (next.js: 9ms, application-code: 36ms)
 GET / 200 in 45ms (next.js: 10ms, application-code: 35ms)
 GET / 200 in 49ms (next.js: 10ms, application-code: 40ms)
 GET / 200 in 43ms (next.js: 10ms, application-code: 34ms)
 GET / 200 in 42ms (next.js: 9ms, application-code: 33ms)
 GET / 200 in 47ms (next.js: 9ms, application-code: 38ms)
 GET / 200 in 41ms (next.js: 9ms, application-code: 32ms)
 GET / 200 in 39ms (next.js: 8ms, application-code: 31ms)
✓ Compiled in 603ms
 GET / 200 in 286ms (next.js: 10ms, application-code: 276ms)
 GET / 200 in 236ms (next.js: 9ms, application-code: 227ms)
 GET / 200 in 194ms (next.js: 12ms, application-code: 182ms)
 GET / 200 in 234ms (next.js: 55ms, application-code: 179ms)
 GET / 200 in 190ms (next.js: 58ms, application-code: 132ms)
 GET / 200 in 191ms (next.js: 10ms, application-code: 181ms)
 GET / 200 in 331ms (next.js: 10ms, application-code: 320ms)
 GET / 200 in 285ms (next.js: 13ms, application-code: 273ms)
 GET / 200 in 287ms (next.js: 56ms, application-code: 232ms)
 GET / 200 in 202ms (next.js: 9ms, application-code: 193ms)
 GET / 200 in 246ms (next.js: 54ms, application-code: 191ms)
 GET / 200 in 278ms (next.js: 8ms, application-code: 269ms)
 GET / 200 in 273ms (next.js: 10ms, application-code: 263ms)
 GET / 200 in 272ms (next.js: 52ms, application-code: 220ms)
 GET / 200 in 189ms (next.js: 8ms, application-code: 181ms)
 GET / 200 in 189ms (next.js: 48ms, application-code: 141ms)
 GET / 200 in 153ms (next.js: 52ms, application-code: 101ms)
 GET / 200 in 245ms (next.js: 11ms, application-code: 235ms)
 GET / 200 in 267ms (next.js: 52ms, application-code: 215ms)
 GET / 200 in 270ms (next.js: 11ms, application-code: 259ms)
 GET / 200 in 269ms (next.js: 93ms, application-code: 177ms)
 GET / 200 in 189ms (next.js: 60ms, application-code: 129ms)
 GET / 200 in 98ms (next.js: 8ms, application-code: 89ms)
 GET / 200 in 57ms (next.js: 8ms, application-code: 49ms)
✓ Compiled in 1378ms
✓ Compiled in 0ms
 GET / 200 in 945ms (next.js: 685ms, application-code: 259ms)
 GET /datasets 200 in 995ms (next.js: 410ms, application-code: 585ms)
 GET /datasets 200 in 998ms (next.js: 551ms, application-code: 448ms)
 GET /datasets 200 in 200ms (next.js: 10ms, application-code: 189ms)
 GET / 200 in 1195ms (next.js: 494ms, application-code: 701ms)
 GET /datasets 200 in 483ms (next.js: 32ms, application-code: 451ms)
 GET /datasets 200 in 481ms (next.js: 65ms, application-code: 416ms)
 GET /datasets 200 in 392ms (next.js: 64ms, application-code: 329ms)
 GET / 200 in 488ms (next.js: 56ms, application-code: 432ms)
 GET /datasets 200 in 87ms (next.js: 63ms, application-code: 25ms)
 GET /datasets 200 in 272ms (next.js: 11ms, application-code: 262ms)
 GET /datasets 200 in 434ms (next.js: 31ms, application-code: 403ms)
 GET /datasets 200 in 436ms (next.js: 64ms, application-code: 372ms)
 GET / 200 in 107ms (next.js: 18ms, application-code: 89ms)
 GET /datasets 200 in 381ms (next.js: 42ms, application-code: 339ms)
 GET /datasets 200 in 160ms (next.js: 9ms, application-code: 152ms)
 GET /datasets 200 in 567ms (next.js: 80ms, application-code: 487ms)
 GET /api/backend/datasets 200 in 84ms (next.js: 7ms, application-code: 77ms)
 GET / 200 in 775ms (next.js: 9ms, application-code: 765ms)
 GET /datasets 200 in 478ms (next.js: 39ms, application-code: 439ms)
 GET /api/backend/tasks 200 in 152ms (next.js: 68ms, application-code: 83ms)
 GET /datasets 200 in 543ms (next.js: 19ms, application-code: 524ms)
 GET / 200 in 314ms (next.js: 26ms, application-code: 288ms)
 GET /datasets 200 in 170ms (next.js: 68ms, application-code: 101ms)
 GET /datasets 200 in 359ms (next.js: 10ms, application-code: 350ms)
 GET / 200 in 265ms (next.js: 38ms, application-code: 226ms)
 GET /api/backend/datasets 200 in 58ms (next.js: 8ms, application-code: 50ms)
 GET /api/backend/tasks 200 in 28ms (next.js: 11ms, application-code: 17ms)
 GET /api/backend/datasets 200 in 35ms (next.js: 7ms, application-code: 29ms)
 GET /api/backend/tasks 200 in 39ms (next.js: 18ms, application-code: 21ms)
 GET /api/backend/datasets 200 in 24ms (next.js: 10ms, application-code: 15ms)
 GET /api/backend/datasets 200 in 32ms (next.js: 7ms, application-code: 25ms)
 GET /api/backend/datasets 200 in 103ms (next.js: 6ms, application-code: 97ms)
 GET /datasets 200 in 86ms (next.js: 9ms, application-code: 76ms)
 GET /api/backend/datasets 200 in 39ms (next.js: 7ms, application-code: 32ms)
 GET /api/backend/tasks 200 in 40ms (next.js: 20ms, application-code: 19ms)
 GET /api/backend/datasets 200 in 96ms (next.js: 5ms, application-code: 91ms)
 GET /datasets 200 in 70ms (next.js: 8ms, application-code: 62ms)
 GET /api/backend/datasets 200 in 18ms (next.js: 5ms, application-code: 13ms)
 GET /api/backend/tasks 200 in 38ms (next.js: 22ms, application-code: 17ms)
 GET /api/backend/datasets 200 in 41ms (next.js: 6ms, application-code: 35ms)
 GET /api/backend/datasets 200 in 62ms (next.js: 8ms, application-code: 53ms)
 GET /api/backend/datasets 200 in 64ms (next.js: 5ms, application-code: 59ms)
 GET /api/backend/datasets 200 in 30ms (next.js: 5ms, application-code: 24ms)
 GET /api/backend/tasks 200 in 31ms (next.js: 19ms, application-code: 12ms)
 GET /api/backend/datasets 200 in 22ms (next.js: 5ms, application-code: 16ms)
 GET /datasets 200 in 58ms (next.js: 8ms, application-code: 50ms)
 GET /datasets 200 in 143ms (next.js: 18ms, application-code: 125ms)
 GET /api/backend/tasks 200 in 81ms (next.js: 46ms, application-code: 35ms)
 GET /api/backend/datasets 200 in 85ms (next.js: 63ms, application-code: 23ms)
 GET /api/backend/datasets 200 in 66ms (next.js: 6ms, application-code: 61ms)
 GET /api/backend/datasets 200 in 64ms (next.js: 7ms, application-code: 57ms)
 GET /tasks 200 in 85ms (next.js: 57ms, application-code: 29ms)
 GET /api/backend/tasks 200 in 70ms (next.js: 41ms, application-code: 30ms)
 GET /api/backend/datasets 200 in 18ms (next.js: 4ms, application-code: 14ms)
 GET /api/backend/tasks 200 in 33ms (next.js: 9ms, application-code: 24ms)
 GET /api/backend/datasets 200 in 63ms (next.js: 5ms, application-code: 58ms)
 GET /datasets 200 in 29ms (next.js: 8ms, application-code: 21ms)
 GET /api/backend/datasets 200 in 20ms (next.js: 5ms, application-code: 15ms)
 GET /api/backend/datasets 200 in 58ms (next.js: 3ms, application-code: 54ms)
 GET /tasks 200 in 35ms (next.js: 11ms, application-code: 24ms)
 GET /api/backend/tasks 200 in 62ms (next.js: 40ms, application-code: 23ms)
 GET /api/backend/datasets 200 in 64ms (next.js: 52ms, application-code: 12ms)
 GET /api/backend/tasks 200 in 58ms (next.js: 5ms, application-code: 53ms)
 GET /api/backend/datasets 200 in 73ms (next.js: 5ms, application-code: 68ms)
 GET / 200 in 54ms (next.js: 9ms, application-code: 45ms)
 GET /datasets 200 in 35ms (next.js: 9ms, application-code: 26ms)
 GET /api/backend/datasets 200 in 58ms (next.js: 42ms, application-code: 16ms)
 GET /api/backend/datasets 200 in 79ms (next.js: 5ms, application-code: 74ms)
 GET / 200 in 72ms (next.js: 7ms, application-code: 65ms)
 GET /datasets 200 in 30ms (next.js: 7ms, application-code: 23ms)
 GET /api/backend/datasets 200 in 53ms (next.js: 40ms, application-code: 13ms)
 GET /api/backend/datasets 200 in 55ms (next.js: 4ms, application-code: 51ms)
 GET / 200 in 52ms (next.js: 8ms, application-code: 43ms)
 GET /tasks 200 in 34ms (next.js: 10ms, application-code: 24ms)
 GET /api/backend/tasks 200 in 54ms (next.js: 40ms, application-code: 14ms)
 GET /api/backend/tasks 200 in 18ms (next.js: 6ms, application-code: 12ms)
 GET /api/backend/datasets 200 in 61ms (next.js: 6ms, application-code: 55ms)
 GET /api/backend/datasets 200 in 61ms (next.js: 6ms, application-code: 55ms)
 GET /datasets 200 in 32ms (next.js: 9ms, application-code: 23ms)
 GET /api/backend/datasets 200 in 23ms (next.js: 7ms, application-code: 16ms)
 GET /api/backend/datasets 200 in 64ms (next.js: 6ms, application-code: 58ms)
 GET /tasks 200 in 35ms (next.js: 9ms, application-code: 25ms)
 GET /api/backend/tasks 200 in 84ms (next.js: 41ms, application-code: 43ms)
 GET /api/backend/datasets 200 in 85ms (next.js: 61ms, application-code: 25ms)
 GET /api/backend/tasks 200 in 32ms (next.js: 5ms, application-code: 27ms)
 GET /api/backend/datasets 200 in 19ms (next.js: 5ms, application-code: 14ms)
 GET /lineage 200 in 3.3s (next.js: 2.9s, application-code: 372ms)
 GET /search 200 in 1590ms (next.js: 1498ms, application-code: 92ms)
 GET /lineage 200 in 52ms (next.js: 16ms, application-code: 35ms)
 GET /owners 200 in 855ms (next.js: 807ms, application-code: 49ms)
 GET /api/backend/tasks 200 in 96ms (next.js: 76ms, application-code: 20ms)
 GET /api/backend/datasets 200 in 98ms (next.js: 56ms, application-code: 42ms)
 GET /api/backend/datasets 200 in 19ms (next.js: 6ms, application-code: 14ms)
 GET /api/backend/tasks 200 in 73ms (next.js: 6ms, application-code: 67ms)
 GET /api/backend/datasets 200 in 75ms (next.js: 6ms, application-code: 69ms)
 GET /api/backend/datasets 200 in 26ms (next.js: 6ms, application-code: 19ms)
 GET /lineage 200 in 40ms (next.js: 13ms, application-code: 27ms)
 GET /api/backend/datasets 200 in 75ms (next.js: 51ms, application-code: 23ms)
 GET /api/backend/datasets 200 in 20ms (next.js: 6ms, application-code: 14ms)
 GET /api/backend/tasks 200 in 67ms (next.js: 7ms, application-code: 60ms)
 GET /api/backend/datasets 200 in 62ms (next.js: 6ms, application-code: 56ms)
 GET /api/backend/tasks 200 in 61ms (next.js: 5ms, application-code: 56ms)
 GET /api/backend/datasets 200 in 59ms (next.js: 6ms, application-code: 53ms)
 GET /storage 200 in 1538ms (next.js: 1493ms, application-code: 45ms)
 GET /api/backend/datasets 200 in 82ms (next.js: 52ms, application-code: 30ms)
 GET /api/backend/datasets 200 in 62ms (next.js: 5ms, application-code: 57ms)
 GET /datasets 200 in 57ms (next.js: 21ms, application-code: 36ms)
 GET /api/backend/datasets 200 in 88ms (next.js: 69ms, application-code: 19ms)
 GET /api/backend/datasets 200 in 67ms (next.js: 8ms, application-code: 60ms)
 GET /datasets 200 in 138ms (next.js: 46ms, application-code: 91ms)
 GET /api/backend/datasets 200 in 103ms (next.js: 68ms, application-code: 35ms)
 GET /api/backend/tasks 200 in 19ms (next.js: 4ms, application-code: 16ms)
 GET /api/backend/datasets 200 in 79ms (next.js: 3ms, application-code: 76ms)
 GET /api/backend/datasets 200 in 13ms (next.js: 3ms, application-code: 10ms)
